<?xml version="1.0" encoding="UTF-8"?>
<coverage generated="1736463181142" clover="3.2.0">
  <project timestamp="1736463181143" name="All files">
    <metrics statements="7" coveredstatements="7" conditionals="2" coveredconditionals="2" methods="1" coveredmethods="1" elements="10" coveredelements="10" complexity="0" loc="7" ncloc="7" packages="1" files="2" classes="2"/>
    <file name="index.tsx" path="D:\OneDrive\CURSOS\PROJETOS\DotNet\WebApiTypescript\ReactAvancado\reactavancado.client\src\components\main\index.tsx">
      <metrics statements="2" coveredstatements="2" conditionals="2" coveredconditionals="2" methods="1" coveredmethods="1"/>
      <line num="4" count="1" type="stmt"/>
      <line num="8" count="2" type="stmt"/>
    </file>
    <file name="styles.ts" path="D:\OneDrive\CURSOS\PROJETOS\DotNet\WebApiTypescript\ReactAvancado\reactavancado.client\src\components\main\styles.ts">
      <metrics statements="5" coveredstatements="5" conditionals="0" coveredconditionals="0" methods="0" coveredmethods="0"/>
      <line num="5" count="1" type="stmt"/>
      <line num="18" count="1" type="stmt"/>
      <line num="23" count="1" type="stmt"/>
      <line num="27" count="1" type="stmt"/>
      <line num="32" count="1" type="stmt"/>
    </file>
  </project>
</coverage>
